<?xml version="1.0" encoding="UTF-8"?>
<!-- Generated by org.testng.reporters.JUnitReportReporter -->
<testsuite skipped="0" hostname="LAPTOP-80E6C85S" name="runners.logindatatableRunner" tests="2" failures="0" timestamp="14 Dec 2022 05:07:21 GMT" time="54.606" errors="0">
  <testcase name="runScenario" time="31.158" classname="runners.logindatatableRunner"/>
  <testcase name="runScenario" time="23.448" classname="runners.logindatatableRunner"/>
</testsuite> <!-- runners.logindatatableRunner -->
