<?xml version="1.0" encoding="UTF-8"?>
<!-- Generated by org.testng.reporters.JUnitReportReporter -->
<testsuite skipped="0" hostname="LAPTOP-80E6C85S" name="runners.DealRunner" tests="8" failures="0" timestamp="14 Dec 2022 06:45:22 GMT" time="0.493" errors="0">
  <testcase name="runScenario" time="0.033" classname="runners.DealRunner"/>
  <testcase name="runScenario" time="0.037" classname="runners.DealRunner"/>
  <testcase name="runScenario" time="0.027" classname="runners.DealRunner"/>
  <testcase name="runScenario" time="0.035" classname="runners.DealRunner"/>
  <testcase name="runScenario" time="0.041" classname="runners.DealRunner"/>
  <testcase name="runScenario" time="0.044" classname="runners.DealRunner"/>
  <testcase name="runScenario" time="0.233" classname="runners.DealRunner"/>
  <testcase name="runScenario" time="0.043" classname="runners.DealRunner"/>
</testsuite> <!-- runners.DealRunner -->
